<?xml version="1.0" encoding="UTF-8"?>
<!-- Generated by org.testng.reporters.JUnitXMLReporter -->
<testsuite ignored="0" hostname="LAPTOP-VBOQ4SE2" failures="0" tests="4" name="Default test" time="9.214" errors="0" timestamp="2023-05-12T14:07:13 CEST">
  <testcase classname="com.api.test.LoginTest2DataDriven" name="test_login_api_with" time="4.283"/>
  <testcase classname="com.api.test.LoginTest2DataDriven" name="test_login_api_with" time="1.39"/>
  <testcase classname="com.api.test.LoginTest2DataDriven" name="test_login_api_with" time="2.126"/>
  <testcase classname="com.api.test.LoginTest2DataDriven" name="test_login_api_with" time="0.865"/>
</testsuite> <!-- Default test -->
